<?xml version="1.0" encoding="UTF-8"?>
<testsuite name="org.projet.evaluator.MovementEvaluatorTest" tests="8" skipped="0" failures="0" errors="0" timestamp="2025-01-11T23:42:04" hostname="DIKESH" time="0.004">
  <properties/>
  <testcase name="Test de détection de la main gauche" classname="org.projet.evaluator.MovementEvaluatorTest" time="0.001"/>
  <testcase name="Test de détection de la même main" classname="org.projet.evaluator.MovementEvaluatorTest" time="0.0"/>
  <testcase name="Test de détection de roulement intérieur" classname="org.projet.evaluator.MovementEvaluatorTest" time="0.001"/>
  <testcase name="Test de détection de mouvement en ciseaux" classname="org.projet.evaluator.MovementEvaluatorTest" time="0.0"/>
  <testcase name="Test de détection de redirection" classname="org.projet.evaluator.MovementEvaluatorTest" time="0.0"/>
  <testcase name="Test de détection d'extension latérale" classname="org.projet.evaluator.MovementEvaluatorTest" time="0.0"/>
  <testcase name="Test de détection du même doigt" classname="org.projet.evaluator.MovementEvaluatorTest" time="0.0"/>
  <testcase name="Test de détection de mauvaise redirection" classname="org.projet.evaluator.MovementEvaluatorTest" time="0.0"/>
  <system-out><![CDATA[]]></system-out>
  <system-err><![CDATA[]]></system-err>
</testsuite>
