<?xml version="1.0" encoding="UTF-8"?>
<testsuite name="org.projet.evaluator.LayoutEvaluatorTest" tests="5" skipped="0" failures="0" errors="0" timestamp="2025-01-10T19:39:49" hostname="DIKESH" time="0.007">
  <properties/>
  <testcase name="Test de l'évaluation globale" classname="org.projet.evaluator.LayoutEvaluatorTest" time="0.003"/>
  <testcase name="Test avec des n-grammes inconnus" classname="org.projet.evaluator.LayoutEvaluatorTest" time="0.0"/>
  <testcase name="Test des statistiques de mouvements" classname="org.projet.evaluator.LayoutEvaluatorTest" time="0.0"/>
  <testcase name="Test avec une disposition vide" classname="org.projet.evaluator.LayoutEvaluatorTest" time="0.0"/>
  <testcase name="Test de l'équilibre des mains" classname="org.projet.evaluator.LayoutEvaluatorTest" time="0.0"/>
  <system-out><![CDATA[]]></system-out>
  <system-err><![CDATA[]]></system-err>
</testsuite>
